<?xml version="1.0" encoding="UTF-8"?>
<testsuite xmlns:xsi="http://www.w3.org/2001/XMLSchema-instance" xsi:noNamespaceSchemaLocation="https://maven.apache.org/surefire/maven-surefire-plugin/xsd/surefire-test-report-3.0.xsd" version="3.0" name="TestSuite" time="191.85" tests="5" errors="0" skipped="0" failures="0">
  <properties>
[...]
</properties>
  <testcase name="launchHome" classname="E2ETraining.LandingPageTest" time="44.373"/>
  <testcase name="newLogin" classname="E2ETraining.LoginTest" time="14.421"/>
  <testcase name="compareText" classname="E2ETraining.TextVerificationTest" time="0.926"/>
  <testcase name="enterDetails" classname="E2ETraining.NewAccountTest" time="26.812"/>
  <testcase name="enterDetails" classname="E2ETraining.NewAccountTest" time="20.788"/>
</testsuite>