<?xml version="1.0" encoding="UTF-8"?>
<!-- Generated by org.testng.reporters.JUnitXMLReporter -->
<testsuite hostname="User-PC" ignored="0" name="Test" tests="5" failures="0" timestamp="23 Apr 2020 05:42:50 GMT" time="156.718" errors="0">
  <testcase name="compareText" time="0.703" classname="E2ETraining.TextVerificationTest"/>
  <testcase name="enterDetails" time="26.98" classname="E2ETraining.NewAccountTest"/>
  <testcase name="enterDetails" time="13.362" classname="E2ETraining.NewAccountTest"/>
  <testcase name="launchHome" time="40.913" classname="E2ETraining.LandingPageTest"/>
  <testcase name="newLogin" time="6.922" classname="E2ETraining.LoginTest"/>
</testsuite> <!-- Test -->
