<?xml version="1.0" encoding="UTF-8"?>
<!-- Generated by org.testng.reporters.JUnitXMLReporter -->
<testsuite hostname="User-PC" ignored="0" name="TextVerificationTest" tests="1" failures="1" timestamp="23 Apr 2020 12:02:11 GMT" time="40.408" errors="0">
  <testcase name="compareText" time="0.535" classname="E2ETraining.TextVerificationTest">
    <failure type="java.lang.AssertionError" message="expected [You are on amazon.com. You can also shop on Amazon India for millions of products with fast local delivery!] but found [You are on amazon.com. You can also shop on Amazon India for millions of products with fast local delivery.]">
      <![CDATA[java.lang.AssertionError: expected [You are on amazon.com. You can also shop on Amazon India for millions of products with fast local delivery!] but found [You are on amazon.com. You can also shop on Amazon India for millions of products with fast local delivery.]
at E2ETraining.TextVerificationTest.compareText(TextVerificationTest.java:33)
... Removed 31 stack frames]]>
    </failure>
  </testcase> <!-- compareText -->
</testsuite> <!-- TextVerificationTest -->
