<?xml version="1.0" encoding="UTF-8"?>
<testng-results skipped="0" failed="0" ignored="0" total="1" passed="1">
  <reporter-output>
  </reporter-output>
  <suite name="Default suite" duration-ms="79477" started-at="2020-04-26T15:15:45Z" finished-at="2020-04-26T15:17:04Z">
    <groups>
      <group name="cucumber">
        <method signature="AbstractTestNGCucumberTests.feature(cucumber.api.testng.CucumberFeatureWrapper)[pri:0, instance:TestRunner.RunnerTest@4dfa3a9d]" name="feature" class="cucumber.api.testng.AbstractTestNGCucumberTests"/>
      </group> <!-- cucumber -->
    </groups>
    <test name="Default test" duration-ms="79477" started-at="2020-04-26T15:15:45Z" finished-at="2020-04-26T15:17:04Z">
      <class name="TestRunner.RunnerTest">
        <test-method status="PASS" signature="setUpClass()[pri:0, instance:TestRunner.RunnerTest@4dfa3a9d]" name="setUpClass" is-config="true" duration-ms="981" started-at="2020-04-26T15:15:45Z" finished-at="2020-04-26T15:15:46Z">
          <reporter-output>
          </reporter-output>
        </test-method> <!-- setUpClass -->
        <test-method status="PASS" signature="feature(cucumber.api.testng.CucumberFeatureWrapper)[pri:0, instance:TestRunner.RunnerTest@4dfa3a9d]" name="feature" duration-ms="77619" started-at="2020-04-26T15:15:46Z" description="Runs Cucumber Feature" data-provider="features" finished-at="2020-04-26T15:17:04Z">
          <params>
            <param index="0">
              <value>
                <![CDATA[Amazon sign-in steps]]>
              </value>
            </param>
          </params>
          <reporter-output>
          </reporter-output>
        </test-method> <!-- feature -->
        <test-method status="PASS" signature="tearDownClass()[pri:0, instance:TestRunner.RunnerTest@4dfa3a9d]" name="tearDownClass" is-config="true" duration-ms="431" started-at="2020-04-26T15:17:04Z" finished-at="2020-04-26T15:17:04Z">
          <reporter-output>
          </reporter-output>
        </test-method> <!-- tearDownClass -->
      </class> <!-- TestRunner.RunnerTest -->
    </test> <!-- Default test -->
  </suite> <!-- Default suite -->
</testng-results>
